<?xml version="1.0" encoding="UTF-8"?>
<!-- Generated by org.testng.reporters.JUnitReportReporter -->
<testsuite hostname="DESKTOP-KKVPML6" failures="0" tests="1" name="com.ui.tests.testrunner.TestRunnerTesngNgUI" time="13.719" errors="0" timestamp="2025-05-08T11:06:32 IST" skipped="0">
  <testcase classname="com.ui.tests.testrunner.TestRunnerTesngNgUI" name="runScenario" time="13.719"/>
</testsuite> <!-- com.ui.tests.testrunner.TestRunnerTesngNgUI -->
